[    0.000000] Linux version 4.15.0-136-generic (buildd@lcy01-amd64-029) (gcc version 7.5.0 (Ubuntu 7.5.0-3ubuntu1~18.04)) #140-Ubuntu SMP Thu Jan 28 05:20:47 UTC 2021 (Ubuntu 4.15.0-136.140-generic 4.15.18)
[    0.000000] Command line: BOOT_IMAGE=/boot/vmlinuz-4.15.0-136-generic root=LABEL=cloudimg-rootfs ro console=tty1 console=ttyS0
[    0.000000] KERNEL supported cpus:
[    0.000000]   Intel GenuineIntel
[    0.000000]   AMD AuthenticAMD
[    0.000000]   Centaur CentaurHauls
[    0.000000] x86/fpu: x87 FPU will use FXSAVE
[    0.000000] e820: BIOS-provided physical RAM map:
[    0.000000] BIOS-e820: [mem 0x0000000000000000-0x000000000009fbff] usable
[    0.000000] BIOS-e820: [mem 0x000000000009fc00-0x000000000009ffff] reserved
[    0.000000] BIOS-e820: [mem 0x00000000000f0000-0x00000000000fffff] reserved
[    0.000000] BIOS-e820: [mem 0x0000000000100000-0x000000007ffeffff] usable
[    0.000000] BIOS-e820: [mem 0x000000007fff0000-0x000000007fffffff] ACPI data
[    0.000000] BIOS-e820: [mem 0x00000000fec00000-0x00000000fec00fff] reserved
[    0.000000] BIOS-e820: [mem 0x00000000fee00000-0x00000000fee00fff] reserved
[    0.000000] BIOS-e820: [mem 0x00000000fffc0000-0x00000000ffffffff] reserved
[    0.000000] NX (Execute Disable) protection: active
[    0.000000] SMBIOS 2.5 present.
[    0.000000] DMI: innotek GmbH VirtualBox/VirtualBox, BIOS VirtualBox 12/01/2006
[    0.000000] Hypervisor detected: KVM
[    0.000000] e820: last_pfn = 0x7fff0 max_arch_pfn = 0x400000000
[    0.000000] MTRR: Disabled
[    0.000000] x86/PAT: MTRRs disabled, skipping PAT initialization too.
[    0.000000] CPU MTRRs all blank - virtualized system.
[    0.000000] x86/PAT: Configuration [0-7]: WB  WT  UC- UC  WB  WT  UC- UC  
[    0.000000] found SMP MP-table at [mem 0x0009fff0-0x0009ffff]
[    0.000000] Scanning 1 areas for low memory corruption
[    0.000000] RAMDISK: [mem 0x35a61000-0x36d27fff]
[    0.000000] ACPI: Early table checksum verification disabled
[    0.000000] ACPI: RSDP 0x00000000000E0000 000024 (v02 VBOX  )
[    0.000000] ACPI: XSDT 0x000000007FFF0030 00003C (v01 VBOX   VBOXXSDT 00000001 ASL  00000061)
[    0.000000] ACPI: FACP 0x000000007FFF00F0 0000F4 (v04 VBOX   VBOXFACP 00000001 ASL  00000061)
[    0.000000] ACPI: DSDT 0x000000007FFF0470 002325 (v02 VBOX   VBOXBIOS 00000002 INTL 20100528)
[    0.000000] ACPI: FACS 0x000000007FFF0200 000040
[    0.000000] ACPI: FACS 0x000000007FFF0200 000040
[    0.000000] ACPI: APIC 0x000000007FFF0240 00005C (v02 VBOX   VBOXAPIC 00000001 ASL  00000061)
[    0.000000] ACPI: SSDT 0x000000007FFF02A0 0001CC (v01 VBOX   VBOXCPUT 00000002 INTL 20100528)
[    0.000000] No NUMA configuration found
[    0.000000] Faking a node at [mem 0x0000000000000000-0x000000007ffeffff]
[    0.000000] NODE_DATA(0) allocated [mem 0x7ffc5000-0x7ffeffff]
[    0.000000] kvm-clock: cpu 0, msr 0:7ff44001, primary cpu clock
[    0.000000] kvm-clock: Using msrs 4b564d01 and 4b564d00
[    0.000000] kvm-clock: using sched offset of 4628755189 cycles
[    0.000000] clocksource: kvm-clock: mask: 0xffffffffffffffff max_cycles: 0x1cd42e4dffb, max_idle_ns: 881590591483 ns
[    0.000000] Zone ranges:
[    0.000000]   DMA      [mem 0x0000000000001000-0x0000000000ffffff]
[    0.000000]   DMA32    [mem 0x0000000001000000-0x000000007ffeffff]
[    0.000000]   Normal   empty
[    0.000000]   Device   empty
[    0.000000] Movable zone start for each node
[    0.000000] Early memory node ranges
[    0.000000]   node   0: [mem 0x0000000000001000-0x000000000009efff]
[    0.000000]   node   0: [mem 0x0000000000100000-0x000000007ffeffff]
[    0.000000] Reserved but unavailable: 98 pages
[    0.000000] Initmem setup node 0 [mem 0x0000000000001000-0x000000007ffeffff]
[    0.000000] ACPI: PM-Timer IO Port: 0x4008
[    0.000000] IOAPIC[0]: apic_id 2, version 32, address 0xfec00000, GSI 0-23
[    0.000000] ACPI: INT_SRC_OVR (bus 0 bus_irq 0 global_irq 2 dfl dfl)
[    0.000000] ACPI: INT_SRC_OVR (bus 0 bus_irq 9 global_irq 9 low level)
[    0.000000] Using ACPI (MADT) for SMP configuration information
[    0.000000] smpboot: Allowing 2 CPUs, 0 hotplug CPUs
[    0.000000] PM: Registered nosave memory: [mem 0x00000000-0x00000fff]
[    0.000000] PM: Registered nosave memory: [mem 0x0009f000-0x0009ffff]
[    0.000000] PM: Registered nosave memory: [mem 0x000a0000-0x000effff]
[    0.000000] PM: Registered nosave memory: [mem 0x000f0000-0x000fffff]
[    0.000000] e820: [mem 0x80000000-0xfebfffff] available for PCI devices
[    0.000000] Booting paravirtualized kernel on KVM
[    0.000000] clocksource: refined-jiffies: mask: 0xffffffff max_cycles: 0xffffffff, max_idle_ns: 7645519600211568 ns
[    0.000000] random: get_random_bytes called from start_kernel+0x99/0x500 with crng_init=0
[    0.000000] setup_percpu: NR_CPUS:8192 nr_cpumask_bits:2 nr_cpu_ids:2 nr_node_ids:1
[    0.000000] percpu: Embedded 45 pages/cpu s147456 r8192 d28672 u1048576
[    0.000000] PV qspinlock hash table entries: 256 (order: 0, 4096 bytes)
[    0.000000] Built 1 zonelists, mobility grouping on.  Total pages: 515961
[    0.000000] Policy zone: DMA32
[    0.000000] Kernel command line: BOOT_IMAGE=/boot/vmlinuz-4.15.0-136-generic root=LABEL=cloudimg-rootfs ro console=tty1 console=ttyS0
[    0.000000] Memory: 2015208K/2096696K available (12300K kernel code, 2482K rwdata, 4276K rodata, 2440K init, 2724K bss, 81488K reserved, 0K cma-reserved)
[    0.000000] SLUB: HWalign=64, Order=0-3, MinObjects=0, CPUs=2, Nodes=1
[    0.000000] Kernel/User page tables isolation: enabled
[    0.000000] ftrace: allocating 39427 entries in 155 pages
[    0.004000] Hierarchical RCU implementation.
[    0.004000] 	RCU restricting CPUs from NR_CPUS=8192 to nr_cpu_ids=2.
[    0.004000] 	Tasks RCU enabled.
[    0.004000] RCU: Adjusting geometry for rcu_fanout_leaf=16, nr_cpu_ids=2
[    0.004000] NR_IRQS: 524544, nr_irqs: 440, preallocated irqs: 16
[    0.004000] Console: colour VGA+ 80x25
[    0.004000] console [tty1] enabled
[    0.004000] console [ttyS0] enabled
[    0.004000] ACPI: Core revision 20170831
[    0.004000] ACPI: 2 ACPI AML tables successfully acquired and loaded
[    0.004000] APIC: Switch to symmetric I/O mode setup
[    0.004000] ..TIMER: vector=0x30 apic1=0 pin1=2 apic2=-1 pin2=-1
[    0.004000] tsc: Detected 2400.006 MHz processor
[    0.004009] Calibrating delay loop (skipped) preset value.. 4800.01 BogoMIPS (lpj=9600024)
[    0.008002] pid_max: default: 32768 minimum: 301
[    0.012063] Security Framework initialized
[    0.016005] Yama: becoming mindful.
[    0.018556] AppArmor: AppArmor initialized
[    0.032792] Dentry cache hash table entries: 262144 (order: 9, 2097152 bytes)
[    0.044107] Inode-cache hash table entries: 131072 (order: 8, 1048576 bytes)
[    0.048131] Mount-cache hash table entries: 4096 (order: 3, 32768 bytes)
[    0.052122] Mountpoint-cache hash table entries: 4096 (order: 3, 32768 bytes)
[    0.060937] Last level iTLB entries: 4KB 64, 2MB 8, 4MB 8
[    0.064002] Last level dTLB entries: 4KB 64, 2MB 0, 4MB 0, 1GB 4
[    0.068003] Spectre V1 : Mitigation: usercopy/swapgs barriers and __user pointer sanitization
[    0.072002] Spectre V2 : Mitigation: Full generic retpoline
[    0.076002] Spectre V2 : Spectre v2 / SpectreRSB mitigation: Filling RSB on context switch
[    0.080004] Speculative Store Bypass: Vulnerable
[    0.084036] MDS: Mitigation: Clear CPU buffers
[    0.088154] Freeing SMP alternatives memory: 36K
[    0.213894] APIC calibration not consistent with PM-Timer: 106ms instead of 100ms
[    0.216000] APIC delta adjusted to PM-Timer: 6251285 (6636295)
[    0.216436] smpboot: CPU0: Intel(R) Core(TM) i5-9300H CPU @ 2.40GHz (family: 0x6, model: 0x9e, stepping: 0xa)
[    0.220410] Performance Events: unsupported p6 CPU model 158 no PMU driver, software events only.
[    0.228113] Hierarchical SRCU implementation.
[    0.232378] NMI watchdog: Perf event create on CPU 0 failed with -2
[    0.236005] NMI watchdog: Perf NMI watchdog permanently disabled
[    0.240330] smp: Bringing up secondary CPUs ...
[    0.245058] x86: Booting SMP configuration:
[    0.248005] .... node  #0, CPUs:      #1
[    0.004000] kvm-clock: cpu 1, msr 0:7ff44041, secondary cpu clock
[    0.259196] TSC synchronization [CPU#0 -> CPU#1]:
[    0.260000] Measured 60584 cycles TSC warp between CPUs, turning off TSC clock.
[    0.260000] tsc: Marking TSC unstable due to check_tsc_sync_source failed
[    0.264266] smp: Brought up 1 node, 2 CPUs
[    0.267357] smpboot: Max logical packages: 1
[    0.268007] smpboot: Total of 2 processors activated (9600.02 BogoMIPS)
[    0.272640] devtmpfs: initialized
[    0.276099] x86/mm: Memory block size: 128MB
[    0.280564] evm: security.selinux
[    0.284003] evm: security.SMACK64
[    0.288002] evm: security.SMACK64EXEC
[    0.292002] evm: security.SMACK64TRANSMUTE
[    0.294754] evm: security.SMACK64MMAP
[    0.296002] evm: security.apparmor
[    0.300002] evm: security.ima
[    0.302009] evm: security.capability
[    0.304563] clocksource: jiffies: mask: 0xffffffff max_cycles: 0xffffffff, max_idle_ns: 7645041785100000 ns
[    0.308108] futex hash table entries: 512 (order: 3, 32768 bytes)
[    0.312372] pinctrl core: initialized pinctrl subsystem
[    0.316416] RTC time: 18:31:28, date: 03/25/21
[    0.321270] NET: Registered protocol family 16
[    0.324166] audit: initializing netlink subsys (disabled)
[    0.328198] audit: type=2000 audit(1616697094.456:1): state=initialized audit_enabled=0 res=1
[    0.336005] cpuidle: using governor ladder
[    0.340007] cpuidle: using governor menu
[    0.344036] ACPI: bus type PCI registered
[    0.346729] acpiphp: ACPI Hot Plug PCI Controller Driver version: 0.5
[    0.348453] PCI: Using configuration type 1 for base access
[    0.356556] HugeTLB registered 2.00 MiB page size, pre-allocated 0 pages
[    0.368520] ACPI: Added _OSI(Module Device)
[    0.372003] ACPI: Added _OSI(Processor Device)
[    0.376002] ACPI: Added _OSI(3.0 _SCP Extensions)
[    0.379031] ACPI: Added _OSI(Processor Aggregator Device)
[    0.380006] ACPI: Added _OSI(Linux-Dell-Video)
[    0.384004] ACPI: Added _OSI(Linux-Lenovo-NV-HDMI-Audio)
[    0.387529] ACPI: Added _OSI(Linux-HPI-Hybrid-Graphics)
[    0.388708] ACPI: Executed 1 blocks of module-level executable AML code
[    0.397684] ACPI: Interpreter enabled
[    0.400013] ACPI: (supports S0 S5)
[    0.402450] ACPI: Using IOAPIC for interrupt routing
[    0.408092] PCI: Using host bridge windows from ACPI; if necessary, use "pci=nocrs" and report a bug
[    0.412177] ACPI: Enabled 2 GPEs in block 00 to 07
[    0.427243] ACPI: PCI Root Bridge [PCI0] (domain 0000 [bus 00-ff])
[    0.428007] acpi PNP0A03:00: _OSC: OS supports [ASPM ClockPM Segments MSI]
[    0.432642] acpi PNP0A03:00: _OSC: not requesting OS control; OS requires [ExtendedConfig ASPM ClockPM MSI]
[    0.436017] acpi PNP0A03:00: fail to add MMCONFIG information, can't access extended PCI configuration space under this bridge.
[    0.440574] PCI host bridge to bus 0000:00
[    0.444004] pci_bus 0000:00: root bus resource [io  0x0000-0x0cf7 window]
[    0.448003] pci_bus 0000:00: root bus resource [io  0x0d00-0xffff window]
[    0.452003] pci_bus 0000:00: root bus resource [mem 0x000a0000-0x000bffff window]
[    0.456003] pci_bus 0000:00: root bus resource [mem 0x80000000-0xfdffffff window]
[    0.460003] pci_bus 0000:00: root bus resource [bus 00-ff]
[    0.467721] pci 0000:00:01.1: legacy IDE quirk: reg 0x10: [io  0x01f0-0x01f7]
[    0.468003] pci 0000:00:01.1: legacy IDE quirk: reg 0x14: [io  0x03f6]
[    0.472003] pci 0000:00:01.1: legacy IDE quirk: reg 0x18: [io  0x0170-0x0177]
[    0.476003] pci 0000:00:01.1: legacy IDE quirk: reg 0x1c: [io  0x0376]
[    0.531511] pci 0000:00:07.0: quirk: [io  0x4000-0x403f] claimed by PIIX4 ACPI
[    0.532024] pci 0000:00:07.0: quirk: [io  0x4100-0x410f] claimed by PIIX4 SMB
[    0.543487] ACPI: PCI Interrupt Link [LNKA] (IRQs 5 9 10 *11)
[    0.544424] ACPI: PCI Interrupt Link [LNKB] (IRQs 5 9 *10 11)
[    0.548150] ACPI: PCI Interrupt Link [LNKC] (IRQs 5 *9 10 11)
[    0.552150] ACPI: PCI Interrupt Link [LNKD] (IRQs 5 9 10 *11)
[    0.556782] SCSI subsystem initialized
[    0.560315] pci 0000:00:02.0: vgaarb: setting as boot VGA device
[    0.564000] pci 0000:00:02.0: vgaarb: VGA device added: decodes=io+mem,owns=io+mem,locks=none
[    0.564005] pci 0000:00:02.0: vgaarb: bridge control possible
[    0.568004] vgaarb: loaded
[    0.572066] ACPI: bus type USB registered
[    0.576036] usbcore: registered new interface driver usbfs
[    0.580010] usbcore: registered new interface driver hub
[    0.584117] usbcore: registered new device driver usb
[    0.588314] EDAC MC: Ver: 3.0.0
[    0.592778] PCI: Using ACPI for IRQ routing
[    0.596638] NetLabel: Initializing
[    0.600002] NetLabel:  domain hash size = 128
[    0.604002] NetLabel:  protocols = UNLABELED CIPSOv4 CALIPSO
[    0.608016] NetLabel:  unlabeled traffic allowed by default
[    0.612296] clocksource: Switched to clocksource kvm-clock
[    0.663513] VFS: Disk quotas dquot_6.6.0
[    0.667449] VFS: Dquot-cache hash table entries: 512 (order 0, 4096 bytes)
[    0.673484] AppArmor: AppArmor Filesystem Enabled
[    0.676949] pnp: PnP ACPI init
[    0.677125] pnp: PnP ACPI: found 3 devices
[    0.725354] clocksource: acpi_pm: mask: 0xffffff max_cycles: 0xffffff, max_idle_ns: 2085701024 ns
[    0.728394] NET: Registered protocol family 2
[    0.735301] TCP established hash table entries: 16384 (order: 5, 131072 bytes)
[    0.742423] TCP bind hash table entries: 16384 (order: 6, 262144 bytes)
[    0.749593] TCP: Hash tables configured (established 16384 bind 16384)
[    0.752657] UDP hash table entries: 1024 (order: 3, 32768 bytes)
[    0.752657] UDP-Lite hash table entries: 1024 (order: 3, 32768 bytes)
[    0.752657] NET: Registered protocol family 1
[    0.752657] pci 0000:00:00.0: Limiting direct PCI/PCI transfers
[    0.752657] pci 0000:00:01.0: Activating ISA DMA hang workarounds
[    0.752657] pci 0000:00:02.0: Video device with shadowed ROM at [mem 0x000c0000-0x000dffff]
[    0.752657] Unpacking initramfs...
[    1.202889] Freeing initrd memory: 19228K
[    1.202889] clocksource: tsc: mask: 0xffffffffffffffff max_cycles: 0x22983d4fda2, max_idle_ns: 440795302975 ns
[    1.202889] platform rtc_cmos: registered platform RTC device (no PNP device found)
[    1.202889] Scanning for low memory corruption every 60 seconds
[    1.279184] Initialise system trusted keyrings
[    1.282023] Key type blacklist registered
[    1.285579] workingset: timestamp_bits=36 max_order=19 bucket_order=0
[    1.289348] zbud: loaded
[    1.299510] squashfs: version 4.0 (2009/01/31) Phillip Lougher
[    1.306016] fuse init (API version 7.26)
[    1.337285] Key type asymmetric registered
[    1.341205] Asymmetric key parser 'x509' registered
[    1.345684] Block layer SCSI generic (bsg) driver version 0.4 loaded (major 246)
[    1.352847] io scheduler noop registered
[    1.356415] io scheduler deadline registered
[    1.360378] io scheduler cfq registered (default)
[    1.364924] ACPI: AC Adapter [AC] (on-line)
[    1.368450] input: Power Button as /devices/LNXSYSTM:00/LNXPWRBN:00/input/input0
[    1.374282] ACPI: Power Button [PWRF]
[    1.377754] input: Sleep Button as /devices/LNXSYSTM:00/LNXSLPBN:00/input/input1
[    1.384785] ACPI: Sleep Button [SLPF]
[    1.389526] ACPI: Battery Slot [BAT0] (battery present)
[    1.395017] Serial: 8250/16550 driver, 32 ports, IRQ sharing enabled
[    1.427581] 00:02: ttyS0 at I/O 0x3f8 (irq = 4, base_baud = 115200) is a 16550A
[    1.451477] Linux agpgart interface v0.103
[    1.465437] loop: module loaded
[    1.471023] scsi host0: ata_piix
[    1.475791] scsi host1: ata_piix
[    1.479800] ata1: PATA max UDMA/33 cmd 0x1f0 ctl 0x3f6 bmdma 0xd000 irq 14
[    1.486596] ata2: PATA max UDMA/33 cmd 0x170 ctl 0x376 bmdma 0xd008 irq 15
[    1.492758] libphy: Fixed MDIO Bus: probed
[    1.497118] tun: Universal TUN/TAP device driver, 1.6
[    1.502635] PPP generic driver version 2.4.2
[    1.507333] ehci_hcd: USB 2.0 'Enhanced' Host Controller (EHCI) Driver
[    1.513324] ehci-pci: EHCI PCI platform driver
[    1.517322] ehci-platform: EHCI generic platform driver
[    1.522009] ohci_hcd: USB 1.1 'Open' Host Controller (OHCI) Driver
[    1.527790] ohci-pci: OHCI PCI platform driver
[    1.532097] ohci-platform: OHCI generic platform driver
[    1.536267] uhci_hcd: USB Universal Host Controller Interface driver
[    1.541775] i8042: PNP: PS/2 Controller [PNP0303:PS2K,PNP0f03:PS2M] at 0x60,0x64 irq 1,12
[    1.551826] serio: i8042 KBD port at 0x60,0x64 irq 1
[    1.556683] serio: i8042 AUX port at 0x60,0x64 irq 12
[    1.562113] mousedev: PS/2 mouse device common for all mice
[    1.569551] input: AT Translated Set 2 keyboard as /devices/platform/i8042/serio0/input/input2
[    1.572949] rtc_cmos rtc_cmos: rtc core: registered rtc_cmos as rtc0
[    1.584326] rtc_cmos rtc_cmos: alarms up to one day, 114 bytes nvram
[    1.589772] i2c /dev entries driver
[    1.593022] device-mapper: uevent: version 1.0.3
[    1.597523] device-mapper: ioctl: 4.37.0-ioctl (2017-09-20) initialised: dm-devel@redhat.com
[    1.604579] ledtrig-cpu: registered to indicate activity on CPUs
[    1.611702] NET: Registered protocol family 10
[    1.628700] Segment Routing with IPv6
[    1.631809] NET: Registered protocol family 17
[    1.636216] Key type dns_resolver registered
[    1.640711] mce: Using 0 MCE banks
[    1.643792] RAS: Correctable Errors collector initialized.
[    1.648883] sched_clock: Marking stable (1648794276, 0)->(2572045989, -923251713)
[    1.710394] registered taskstats version 1
[    1.714517] Loading compiled-in X.509 certificates
[    1.722247] Loaded X.509 cert 'Build time autogenerated kernel key: c356b48d5f070be9e15fb09bbd57426939f0386e'
[    1.730779] zswap: loaded using pool lzo/zbud
[    1.742863] Key type big_key registered
[    1.746593] Key type trusted registered
[    1.753458] Key type encrypted registered
[    1.757021] AppArmor: AppArmor sha1 policy hashing enabled
[    1.761628] ima: No TPM chip found, activating TPM-bypass! (rc=-19)
[    1.766837] ima: Allocated hash algorithm: sha1
[    1.770610] evm: HMAC attrs: 0x1
[    1.774158]   Magic number: 13:248:545
[    1.777738] tty ttyS21: hash matches
[    1.781517] rtc_cmos rtc_cmos: setting system clock to 2021-03-25 18:31:30 UTC (1616697090)
[    1.788789] BIOS EDD facility v0.16 2004-Jun-25, 0 devices found
[    1.793885] EDD information not available.
[    1.801401] Freeing unused kernel image memory: 2440K
[    1.824380] Write protecting the kernel read-only data: 20480k
[    1.835721] Freeing unused kernel image memory: 2008K
[    1.841090] Freeing unused kernel image memory: 1868K
[    1.851193] x86/mm: Checked W+X mappings: passed, no W+X pages found.
[    1.856556] x86/mm: Checking user space page tables
[    1.865540] x86/mm: Checked W+X mappings: passed, no W+X pages found.
Loading, please wait...
starting version 237
[    1.945422] e1000: Intel(R) PRO/1000 Network Driver - version 7.3.21-k8-NAPI
[    1.950989] e1000: Copyright (c) 1999-2006 Intel Corporation.
[    1.957092] Fusion MPT base driver 3.04.20
[    1.961381] Copyright (c) 1999-2008 LSI Corporation
[    1.973172] Fusion MPT SPI Host driver 3.04.20
[    2.198069] input: ImExPS/2 Generic Explorer Mouse as /devices/platform/i8042/serio1/input/input4
[    2.628553] e1000 0000:00:03.0 eth0: (PCI:33MHz:32-bit) 02:c3:31:86:ce:e2
[    2.633618] e1000 0000:00:03.0 eth0: Intel(R) PRO/1000 Network Connection
[    2.639838] mptbase: ioc0: Initiating bringup
[    2.746481] ioc0: LSI53C1030 A0: Capabilities={Initiator}
[    3.026336] scsi host2: ioc0: LSI53C1030 A0, FwRev=00000000h, Ports=1, MaxQ=256, IRQ=20
[    3.205771] scsi 2:0:0:0: Direct-Access     VBOX     HARDDISK         1.0  PQ: 0 ANSI: 5
[    3.248731] scsi target2:0:0: Beginning Domain Validation
[    3.321326] scsi target2:0:0: Domain Validation skipping write tests
[    3.326714] scsi target2:0:0: Ending Domain Validation
[    3.330847] scsi target2:0:0: asynchronous
[    3.335314] random: fast init done
[    3.339313] scsi 2:0:1:0: Direct-Access     VBOX     HARDDISK         1.0  PQ: 0 ANSI: 5
[    3.688188] scsi target2:0:1: Beginning Domain Validation
[    3.698958] scsi target2:0:1: Domain Validation skipping write tests
[    3.704522] scsi target2:0:1: Ending Domain Validation
[    3.708308] scsi target2:0:1: asynchronous
[    3.723033] random: systemd-udevd: uninitialized urandom read (16 bytes read)
[    3.729699] sd 2:0:0:0: Attached scsi generic sg0 type 0
[    3.734084] sd 2:0:1:0: Attached scsi generic sg1 type 0
[    3.739546] random: systemd-udevd: uninitialized urandom read (16 bytes read)
[    3.746181] random: systemd-udevd: uninitialized urandom read (16 bytes read)
[    3.756567] sd 2:0:1:0: [sdb] 20480 512-byte logical blocks: (10.5 MB/10.0 MiB)
[    3.762200] sd 2:0:0:0: [sda] 83886080 512-byte logical blocks: (42.9 GB/40.0 GiB)
[    3.767886] sd 2:0:1:0: [sdb] Write Protect is off
[    3.772566] sd 2:0:0:0: [sda] Write Protect is off
[    3.776226] sd 2:0:0:0: [sda] Incomplete mode parameter data
[    3.779851] sd 2:0:0:0: [sda] Assuming drive cache: write through
[    3.785531] sd 2:0:1:0: [sdb] Incomplete mode parameter data
[    3.789394] sd 2:0:1:0: [sdb] Assuming drive cache: write through
[    3.800177]  sda: sda1
[    3.804990] sd 2:0:1:0: [sdb] Attached SCSI disk
[    3.809930] sd 2:0:0:0: [sda] Attached SCSI disk
[    3.869792] e1000 0000:00:08.0 eth1: (PCI:33MHz:32-bit) 08:00:27:8d:e2:42
[    3.874832] e1000 0000:00:08.0 eth1: Intel(R) PRO/1000 Network Connection
[    3.881402] e1000 0000:00:08.0 enp0s8: renamed from eth1
[    5.489095] e1000 0000:00:03.0 enp0s3: renamed from eth0
Begin: Loading essential drivers ... [    7.732125] raid6: sse2x1   gen() 13241 MB/s
[    7.780122] raid6: sse2x1   xor()  9501 MB/s
[    7.828095] raid6: sse2x2   gen() 14983 MB/s
[    7.876745] raid6: sse2x2   xor() 11082 MB/s
[    7.924581] raid6: sse2x4   gen() 18109 MB/s
[    7.976344] raid6: sse2x4   xor() 12020 MB/s
[    7.980268] raid6: using algorithm sse2x4 gen() 18109 MB/s
[    7.983838] raid6: .... xor() 12020 MB/s, rmw enabled
[    7.987922] raid6: using ssse3x2 recovery algorithm
[    7.994104] xor: measuring software checksum speed
[   12.525772]    prefetch64-sse: 987220.704 MB/sec
[   13.561107]    generic_sse: 446933.704 MB/sec
[   13.564948] xor: using function: prefetch64-sse (987220.704 MB/sec)
[   13.571077] async_tx: api initialized (async)
done.
Begin: Running /scripts/init-premount ... done.
Begin: Mounting root file system ... Begin: Running /scripts/local-top ... done.
Begin: Running /scripts/local-premount ... [   13.631893] Btrfs loaded, crc32c=crc32c-intel
Scanning for Btrfs filesystems
done.
Warning: fsck not present, so skipping root file system
[   13.683864] EXT4-fs (sda1): mounted filesystem with ordered data mode. Opts: (null)
done.
Begin: Running /scripts/local-bottom ... done.
Begin: Running /scripts/init-bottom ... done.
[   13.921055] ip_tables: (C) 2000-2006 Netfilter Core Team
[   13.940772] systemd[1]: systemd 237 running in system mode. (+PAM +AUDIT +SELINUX +IMA +APPARMOR +SMACK +SYSVINIT +UTMP +LIBCRYPTSETUP +GCRYPT +GNUTLS +ACL +XZ +LZ4 +SECCOMP +BLKID +ELFUTILS +KMOD -IDN2 +IDN -PCRE2 default-hierarchy=hybrid)
[   13.955015] systemd[1]: Detected virtualization oracle.
[   13.958863] systemd[1]: Detected architecture x86-64.

Welcome to [1mUbuntu 18.04.5 LTS[0m!

[   13.989573] systemd[1]: Set hostname to <ubuntu>.
[   14.001514] systemd[1]: Initializing machine ID from random generator.
[   14.005701] systemd[1]: Installed transient /etc/machine-id file.
[   14.352601] systemd[1]: Reached target System Time Synchronized.
[[0;32m  OK  [0m] Reached target System Time Synchronized.
[   14.369306] systemd[1]: Created slice System Slice.
[[0;32m  OK  [0m] Created slice System Slice.
[   14.374921] systemd[1]: Listening on LVM2 metadata daemon socket.
[[0;32m  OK  [0m] Listening on LVM2 metadata daemon socket.
[   14.380965] systemd[1]: Listening on /dev/initctl Compatibility Named Pipe.
[[0;32m  OK  [0m] Listening on /dev/initctl Compatibility Named Pipe.
[[0;32m  OK  [0m] Listening on udev Control Socket.
[[0;32m  OK  [0m] Started Forward Password Requests to Wall Directory Watch.
[[0;32m  OK  [0m] Listening on udev Kernel Socket.
[[0;32m  OK  [0m] Listening on Network Service Netlink Socket.
[[0;32m  OK  [0m] Listening on fsck to fsckd communication Socket.
[[0;32m  OK  [0m] Listening on Journal Socket (/dev/log).
[[0;32m  OK  [0m] Created slice User and Session Slice.
[[0;32m  OK  [0m] Reached target Slices.
[[0;32m  OK  [0m] Listening on LVM2 poll daemon socket.
[[0;32m  OK  [0m] Created slice system-serial\x2dgetty.slice.
[[0;32m  OK  [0m] Listening on Journal Socket.
         Starting udev Coldplug all Devices...
         Mounting Huge Pages File System...
         Starting Uncomplicated firewall...
         Mounting POSIX Message Queue File System...
         Mounting Kernel Debug File System...
         Starting Set the console keyboard layout...
[[0;32m  OK  [0m] Reached target User and Group Name Lookups.
         Starting Create list of required st…ce nodes for the current kernel...
[[0;32m  OK  [0m] Reached target Swap.
[[0;32m  OK  [0m] Listening on Journal Audit Socket.
         Starting Load Kernel Modules...
[[0;32m  OK  [0m] Set up automount Arbitrary Executab…rmats File System Automount Point.
[[0;32m  OK  [0m] Listening on Device-mapper event daemon FIFOs.
         Starting Monitoring of LVM2 mirrors…ng dmeventd or progress polling...
         Starting File System Check on Root Device...
[[0;32m  OK  [0m] Listening on Syslog Socket.
         Starting Journal Service...
[   14.584436] Loading iSCSI transport class v2.0-870.
[[0;32m  OK  [0m] Mounted Huge Pages File System.
[[0;32m  OK  [0m] Started Uncomplicated firewall.
[[0;32m  OK  [0m] Mounted POSIX Message Queue File System.
[[0;32m  OK  [0m] Mounted Kernel Debug File System.
[[0;32m  OK  [0m] Started Create list of required sta…vice nodes for the current kernel.
[[0;32m  OK  [0m] Started LVM2 metadata daemon.
[[0;32m  OK  [0m] Started File System Check Daemon to report status.
         Starting Create Static Device Nodes in /dev...
[[0;32m  OK  [0m] Started File System Check on Root Device.
         Starting Remount Root and Kernel File Systems...
[[0;32m  OK  [0m] Started Journal Service.
[[0;32m  OK  [0m] Started udev Coldplug all Devices.
[[0;32m  OK  [0m] Started Create Static Device Nodes in /dev.
[[0;32m  OK  [0m] Started Monitoring of LVM2 mirrors,…sing dmeventd or progress polling.
[   14.765289] EXT4-fs (sda1): re-mounted. Opts: (null)
[[0;32m  OK  [0m] Started Remount Root and Kernel File Systems.
         Starting udev Kernel Device Manager...[   14.781145] iscsi: registered transport (tcp)

         Starting Flush Journal to Persistent Storage...
         Starting Load/Save Random Seed...
[   14.801773] systemd-journald[400]: Received request to flush runtime journal from PID 1
[[0;32m  OK  [0m] Started Load/Save Random Seed.
[[0;32m  OK  [0m] Started udev Kernel Device Manager.
[[0;32m  OK  [0m] Started Flush Journal to Persistent Storage.
[   14.934049] iscsi: registered transport (iser)
[[0;32m  OK  [0m] Started Load Kernel Modules.
         Mounting Kernel Configuration File System...
         Mounting FUSE Control File System...
         Starting Apply Kernel Variables...
[[0;32m  OK  [0m] Mounted FUSE Control File System.
[[0;32m  OK  [0m] Mounted Kernel Configuration File System.
[[0;32m  OK  [0m] Started Apply Kernel Variables.
[[0;32m  OK  [0m] Found device /dev/ttyS0.
[[0;32m  OK  [0m] Listening on Load/Save RF Kill Switch Status /dev/rfkill Watch.
[[0;32m  OK  [0m] Started Set the console keyboard layout.
[[0;32m  OK  [0m] Reached target Local File Systems (Pre).
[[0;32m  OK  [0m] Reached target Local File Systems.
         Starting AppArmor initialization...
         Starting ebtables ruleset management...
         Starting Commit a transient machine-id on disk...
         Starting Tell Plymouth To Write Out Runtime Data...
         Starting Set console font and keymap...
         Starting Create Volatile Files and Directories...
[[0;32m  OK  [0m] Started Dispatch Password Requests to Console Directory Watch.
[[0;32m  OK  [0m] Reached target Local Encrypted Volumes.
[[0;32m  OK  [0m] Started Set console font and keymap.
[[0;32m  OK  [0m] Started Tell Plymouth To Write Out Runtime Data.
[[0;32m  OK  [0m] Started Create Volatile Files and Directories.
         Starting Update UTMP about System Boot/Shutdown...
[[0;32m  OK  [0m] Started Update UTMP about System Boot/Shutdown.
[[0;32m  OK  [0m] Started Commit a transient machine-id on disk.
[[0;32m  OK  [0m] Started ebtables ruleset management.
[[0;32m  OK  [0m] Started AppArmor initialization.
         Starting Initial cloud-init job (pre-networking)...
         Starting Load AppArmor profiles managed internally by snapd...
[[0;32m  OK  [0m] Started Load AppArmor profiles managed internally by snapd.
[   17.706515] cloud-init[576]: Cloud-init v. 20.4.1-0ubuntu1~18.04.1 running 'init-local' at Thu, 25 Mar 2021 18:31:46 +0000. Up 17.30 seconds.
[[0;32m  OK  [0m] Started Initial cloud-init job (pre-networking).
[[0;32m  OK  [0m] Reached target Network (Pre).
         Starting Network Service...
[[0;32m  OK  [0m] Started Network Service.
         Starting Wait for Network to be Configured...
         Starting Network Name Resolution...
[[0;32m  OK  [0m] Started Network Name Resolution.
[[0;32m  OK  [0m] Reached target Network.
[[0;32m  OK  [0m] Reached target Host and Network Name Lookups.
[[0;32m  OK  [0m] Started Wait for Network to be Configured.
         Starting Initial cloud-init job (metadata service crawler)...
[   19.473294] cloud-init[711]: Cloud-init v. 20.4.1-0ubuntu1~18.04.1 running 'init' at Thu, 25 Mar 2021 18:31:48 +0000. Up 19.36 seconds.
[   19.476656] cloud-init[711]: ci-info: ++++++++++++++++++++++++++++++++++++++Net device info+++++++++++++++++++++++++++++++++++++++
[   19.480354] cloud-init[711]: ci-info: +--------+-------+----------------------------+---------------+--------+-------------------+
[   19.483873] cloud-init[711]: ci-info: | Device |   Up  |          Address           |      Mask     | Scope  |     Hw-Address    |
[   19.487659] cloud-init[711]: ci-info: +--------+-------+----------------------------+---------------+--------+-------------------+
[   19.491558] cloud-init[711]: ci-info: | enp0s3 |  True |         10.0.2.15          | 255.255.255.0 | global | 02:c3:31:86:ce:e2 |
[   19.494998] cloud-init[711]: ci-info: | enp0s3 |  True | fe80::c3:31ff:fe86:cee2/64 |       .       |  link  | 02:c3:31:86:ce:e2 |
[   19.498379] cloud-init[711]: ci-info: | enp0s8 | False |             .              |       .       |   .    | 08:00:27:8d:e2:42 |
[   19.501763] cloud-init[711]: ci-info: |   lo   |  True |         127.0.0.1          |   255.0.0.0   |  host  |         .         |
[   19.505180] cloud-init[711]: ci-info: |   lo   |  True |          ::1/128           |       .       |  host  |         .         |
[   19.508760] cloud-init[711]: ci-info: +--------+-------+----------------------------+---------------+--------+-------------------+
[   19.512257] cloud-init[711]: ci-info: ++++++++++++++++++++++++++++Route IPv4 info+++++++++++++++++++++++++++++
[   19.515126] cloud-init[711]: ci-info: +-------+-------------+----------+-----------------+-----------+-------+
[   19.517974] cloud-init[711]: ci-info: | Route | Destination | Gateway  |     Genmask     | Interface | Flags |
[   19.520888] cloud-init[711]: ci-info: +-------+-------------+----------+-----------------+-----------+-------+
[   19.523906] cloud-init[711]: ci-info: |   0   |   0.0.0.0   | 10.0.2.2 |     0.0.0.0     |   enp0s3  |   UG  |
[   19.526743] cloud-init[711]: ci-info: |   1   |   10.0.2.0  | 0.0.0.0  |  255.255.255.0  |   enp0s3  |   U   |
[   19.529652] cloud-init[711]: ci-info: |   2   |   10.0.2.2  | 0.0.0.0  | 255.255.255.255 |   enp0s3  |   UH  |
[   19.532581] cloud-init[711]: ci-info: +-------+-------------+----------+-----------------+-----------+-------+
[   19.535440] cloud-init[711]: ci-info: +++++++++++++++++++Route IPv6 info+++++++++++++++++++
[   19.537954] cloud-init[711]: ci-info: +-------+-------------+---------+-----------+-------+
[   19.540415] cloud-init[711]: ci-info: | Route | Destination | Gateway | Interface | Flags |
[   19.552504] cloud-init[711]: ci-info: +-------+-------------+---------+-----------+-------+
[   19.555222] cloud-init[711]: ci-info: |   1   |  fe80::/64  |    ::   |   enp0s3  |   U   |
[   19.557997] cloud-init[711]: ci-info: |   3   |    local    |    ::   |   enp0s3  |   U   |
[   19.563142] cloud-init[711]: ci-info: |   4   |   ff00::/8  |    ::   |   enp0s3  |   U   |
[   19.568331] cloud-init[711]: ci-info: +-------+-------------+---------+-----------+-------+
[   20.465562] cloud-init[711]: Generating public/private rsa key pair.
[   20.470177] cloud-init[711]: Your identification has been saved in /etc/ssh/ssh_host_rsa_key.
[   20.475362] cloud-init[711]: Your public key has been saved in /etc/ssh/ssh_host_rsa_key.pub.
[   20.480459] cloud-init[711]: The key fingerprint is:
[   20.484583] cloud-init[711]: SHA256:59Mkz+1/VsfuInnUtuc+mcWp2mDVqDM5v5VBS03wFDs root@ubuntu-bionic
[   20.489583] cloud-init[711]: The key's randomart image is:
[   20.494024] cloud-init[711]: +---[RSA 2048]----+
[   20.498008] cloud-init[711]: |              .o+|
[   20.501919] cloud-init[711]: [[0;32m  OK  [0m] Started Initial cloud-init job (metadata service crawler).
[[0;32m  OK  [0m] Reached target Network is Online.
         Starting Availability of block devices...
[[0;32m  OK  [0m] Reached target Remote File Systems (Pre).
[[0;32m  OK  [0m] Reached target Remote File Systems.
[[0;32m  OK  [0m] Reached target System Initialization.
[[0;32m  OK  [0m] Started Daily apt download activities.
         Starting LXD - unix socket.
[[0;32m  OK  [0m] Listening on UUID daemon activation socket.
[[0;32m  OK  [0m] Listening on Open-iSCSI iscsid Socket.
[[0;32m  OK  [0m] Started ACPI Events Check.
[[0;32m  OK  [0m] Reached target Paths.
[[0;32m  OK  [0m] Listening on ACPID Listen Socket.
[[0;32m  OK  [0m] Started Discard unused blocks once a week.
[[0;32m  OK  [0m] Listening on D-Bus System Message Bus Socket.
[[0;32m  OK  [0m] Started Daily apt upgrade and clean activities.
[[0;32m  OK  [0m] Started Message of the Day.
         Starting Socket activation for snappy daemon.
[[0;32m  OK  [0m] Started Daily Cleanup of Temporary Directories.
[[0;32m  OK  [0m] Reached target Timers.
[[0;32m  OK  [0m] Reached target Cloud-config availability.
[[0;32m  OK  [0m] Started Availability of block devices.
[[0;32m  OK  [0m] Listening on Socket activation for snappy daemon.
[[0;32m  OK  [0m] Listening on LXD - unix socket.
[[0;32m  OK  [0m] Reached target Sockets.
[[0;32m  OK  [0m] Reached target Basic System.
[[0;32m  OK  [0m] Started Regular background program processing daemon.
         Starting LSB: Record successful boot for GRUB...
|               +o|
[   20.549665] cloud-init[711]: |               Eo|
         Starting Login Service...
[[0;32m  OK  [0m] Started FUSE filesystem for LXC.
         Starting Dispatcher daemon for systemd-networkd...
[[0;32m  OK  [0m] Started Deferred execution scheduler.
[[0;32m  OK  [0m] Started D-Bus System Message Bus.
[   20.570684] cloud-init[711]: |              = o|
[   20.584032] cloud-init[711]: |        S o .o B.|
[   20.588909] cloud-init[711]: |         o *+...@|
[   20.593482] cloud-init[711]: |          oO+oo=B|
[   20.597775] cloud-init[711]: |          ..Xo+==|
[   20.604003] cloud-init[711]: |           ..*oBO|
[   20.615719] cloud-init[711]: +----[SHA256]-----+
[   20.621897] cloud-init[711]: Generating public/private dsa key pair.
[   20.627195] cloud-init[711]: Your identification has been saved in /etc/ssh/ssh_host_dsa_key.
[   20.633897] cloud-init[711]: Your public key has been saved in /etc/ssh/ssh_host_dsa_key.pub.
[   20.639305] cloud-init[711]: The key fingerprint is:
[   20.643587]          Starting Accounts Service...
         Starting System Logging Service...
         Starting LXD - container startup/shutdown...
         Starting Virtualbox guest utils...
         Starting LSB: automatic crash report generation...
cloud-init[711]: SHA256:5Za0itwCIeN4T2N5B+KjmmZntU3B9UZsiRL9gyCVT7U root@ubuntu-bionic
[   20.665154] cloud-init[711]: The key's randomart image is:
[   20.675336] cloud-init[711]: +---[DSA 1024]----+
[   20.688302] [[0;32m  OK  [0m] Started irqbalance daemon.
         Starting Permit User Sessions...
cloud-init[711]: |      .o+ +..    |
[   20.699346] cloud-init[711]: |     . + = =.    |
[   20.705928] cloud-init[711]: |  o o + * OE     |
[   20.711825] cloud-init[711]: | o + + + * B     |
[   20.718212] cloud-init[711]: |. o O . S * .    |
[   20.723531] cloud-init[711]: | . = B = o       |
[   20.729554] cloud-init[711]: |  . o B o        |
[   20.734918] cloud-init[711]: | = o . o         |
[   20.743199] cloud-init[711]: |= o              |
[   20.748072] cloud-init[711]: +----[SHA256]-----+
[   20.763407] cloud-init[711]: Generating public/private ecdsa key pair.
[   20.766895] cloud-init[711]:          Starting Pollinate to seed the pseudo random number generator...
Your identification has been saved in /etc/ssh/ssh_host_ecdsa_key.
[   20.780095] cloud-init[711]: Your public key has been saved in /etc/ssh/ssh_host_ecdsa_key.pub.
[   20.788639] cloud-init[711]: The key fingerprint is:
[   20.795909] cloud-init[711]: SHA256:UlH/ibJY9/fSar62ZjFcbccd7Va4INofj74PM9KUaC4 root@ubuntu-bionic
[   20.801439] cloud-init[711]: The key's randomart image is:
[   20.805644] cloud-init[711]: +---[ECDSA 256]---+
[   20.811596] cloud-init[711]:          Starting Snap Daemon...
[[0;32m  OK  [0m] Started System Logging Service.
|        ...    ..|[[0;32m  OK  [0m] Started Permit User Sessions.

[   20.828559] cloud-init[711]: |         .... ..o|
[   20.833506] cloud-init[711]: |        .o ... +=|[[0;32m  OK  [0m] Started Login Service.
[[0;32m  OK  [0m] Started Unattended Upgrades Shutdown.
         Starting Terminate Plymouth Boot Screen...
         Starting Hold until boot process finishes up...

[   20.852264] cloud-init[711]: |       .. ...+..X|
[[0;32m  OK  [0m] Started Hold until boot process finishes up.
[[0;32m  OK  [0m] Started Serial Getty on ttyS0.
         Starting Set console scheme...
[[0;32m  OK  [0m] Started Terminate Plymouth Boot Screen.
[   20.866561] cloud-init[711]: |      . S =.==o+.|
[   20.872814] cloud-init[711]: |       . = *o.=  |
[   20.877835] cloud-init[711]: |        E +.= .+.|
[   20.882693] cloud-init[711]: |         . ..+*.o|
[   20.887540] cloud-init[711]: |            .O*=.|
[   20.893252] cloud-init[711]: +----[SHA256]-----+
[   20.897369] cloud-init[711]: Generating public/private ed25519 key pair.
[   20.904323] cloud-init[711]: Your identification has been saved in /etc/ssh/ssh_host_ed25519_key.
[   20.914632] cloud-init[711]: Your public key has been saved in /etc/ssh/ssh_host_ed25519_key.pub.
[   20.921705] cloud-init[711]: The key fingerprint is:
[   20.930180] cloud-init[711]: SHA256:grlfFNjOfldA6wrbETwf6EtbPK2kUThudsym4vp0p1Y root@ubuntu-bionic
[   20.938253] cloud-init[711]: The key's randomart image is:
[   20.943089] cloud-init[711]: +--[ED25519 256]--+
[   20.948272] cloud-init[711]: |            .    |
[   20.954939] cloud-init[711]: |       o . + .   |
[   20.959838] cloud-init[711]: |      . o B =    |
[   20.963854] cloud-init[711]: |     o o + @ +   |
[   20.973022] cloud-init[711]: |    o . S O % o  |
[   20.974556] cloud-init[711]: |     . + B &E+   |
[   20.976414] cloud-init[711]: |    .   * X.+    |
[   20.977963] cloud-init[711]: |     . + +.+     |
[   20.982608] cloud-init[711]: |      ooo..      |
[   20.987149] cloud-init[711]: +----[SHA256]-----+
[[0;32m  OK  [0m] Started Set console scheme.
[[0;32m  OK  [0m] Created slice system-getty.slice.
[[0;32m  OK  [0m] Started Getty on tty1.
[[0;32m  OK  [0m] Reached target Login Prompts.
         Starting Authorization Manager...
[[0;32m  OK  [0m] Started LSB: automatic crash report generation.
[[0;32m  OK  [0m] Started LSB: Record successful boot for GRUB.
[[0;32m  OK  [0m] Started LXD - container startup/shutdown.
[[0;32m  OK  [0m] Started Authorization Manager.
[[0;32m  OK  [0m] Started Accounts Service.
[[0;32m  OK  [0m] Started Virtualbox guest utils.
[[0;32m  OK  [0m] Started Dispatcher daemon for systemd-networkd.
[[0;32m  OK  [0m] Started Snap Daemon.
         Starting Wait until snapd is fully seeded...
[[0;32m  OK  [0m] Started Pollinate to seed the pseudo random number generator.
         Starting OpenBSD Secure Shell server...
[[0;32m  OK  [0m] Started OpenBSD Secure Shell server.
[[0;32m  OK  [0m] Created slice User Slice of vagrant.
         Starting User Manager for UID 1000...
[[0;32m  OK  [0m] Started Session 1 of user vagrant.
[[0;32m  OK  [0m] Started User Manager for UID 1000.

Ubuntu 18.04.5 LTS ubuntu-bionic ttyS0

ubuntu-bionic login: [   27.389066] cloud-init[1223]: Cloud-init v. 20.4.1-0ubuntu1~18.04.1 running 'modules:config' at Thu, 25 Mar 2021 18:31:55 +0000. Up 26.54 seconds.
ci-info: no authorized SSH keys fingerprints found for user ubuntu.
<14>Mar 25 18:31:56 ec2: 
<14>Mar 25 18:31:56 ec2: #############################################################
<14>Mar 25 18:31:56 ec2: -----BEGIN SSH HOST KEY FINGERPRINTS-----
<14>Mar 25 18:31:56 ec2: 1024 SHA256:5Za0itwCIeN4T2N5B+KjmmZntU3B9UZsiRL9gyCVT7U root@ubuntu-bionic (DSA)
<14>Mar 25 18:31:56 ec2: 256 SHA256:UlH/ibJY9/fSar62ZjFcbccd7Va4INofj74PM9KUaC4 root@ubuntu-bionic (ECDSA)
<14>Mar 25 18:31:56 ec2: 256 SHA256:grlfFNjOfldA6wrbETwf6EtbPK2kUThudsym4vp0p1Y root@ubuntu-bionic (ED25519)
<14>Mar 25 18:31:56 ec2: 2048 SHA256:59Mkz+1/VsfuInnUtuc+mcWp2mDVqDM5v5VBS03wFDs root@ubuntu-bionic (RSA)
<14>Mar 25 18:31:56 ec2: -----END SSH HOST KEY FINGERPRINTS-----
<14>Mar 25 18:31:56 ec2: #############################################################
-----BEGIN SSH HOST KEY KEYS-----
ecdsa-sha2-nistp256 AAAAE2VjZHNhLXNoYTItbmlzdHAyNTYAAAAIbmlzdHAyNTYAAABBBJglfs7f5eLR/R7bru+NIlGHRbsl8t3MHLJx11hUcJET3QhpXWMKElJXIFBaKYKhp29/eCMTq0UcJcv6byED9uk= root@ubuntu-bionic
ssh-ed25519 AAAAC3NzaC1lZDI1NTE5AAAAIIwMV7ShUQDN4aWk/6bOfh+WDjBQ6gPJQjpSQ9x0x4ga root@ubuntu-bionic
ssh-rsa AAAAB3NzaC1yc2EAAAADAQABAAABAQC1BEMgt08ESwMvf6X7WIr6Hn+kD9JnecrzsJelY9uNgrXA9sniopRtu/sf7HI6GIr7+wE3a8CnmklVTNC782qsbT7zzTdwW3Xamu7KkzqGBj+8QraKy+E4qOGeNW3VJ39fL1VLoU+0izPcPm/3qRT0JDjlWIpHoI087OpcVd/e2sueFVBg5hM2tzWD1FW0DmGqUDgm4ybLXy+T2fZDDTAgYZvQx5I+4q4gJ5lXJChAe6lbdnkuqFGbXrr1eVwst08TupiD/dawAKOJNy54sKxPAksXyuDfuRoio+kRAyuUYIMAwZaD9JWqauwZCrAMLQxiMbh5NZwgTw/hO/yXke0B root@ubuntu-bionic
-----END SSH HOST KEY KEYS-----
[   28.161606] cloud-init[1320]: Cloud-init v. 20.4.1-0ubuntu1~18.04.1 running 'modules:final' at Thu, 25 Mar 2021 18:31:56 +0000. Up 27.98 seconds.
[   28.180880] cloud-init[1320]: ci-info: no authorized SSH keys fingerprints found for user ubuntu.
[   28.188539] cloud-init[1320]: Cloud-init v. 20.4.1-0ubuntu1~18.04.1 finished at Thu, 25 Mar 2021 18:31:56 +0000. Datasource DataSourceNoCloud [seed=/dev/sdb][dsmode=net].  Up 28.12 seconds
